<?xml version="1.0" encoding="UTF-8"?>
<testng-results total="1" passed="1" failed="0" skipped="0">
  <reporter-output>
  </reporter-output>
  <suite started-at="2022-03-24T16:46:41Z" name="Default suite" finished-at="2022-03-24T16:46:52Z" duration-ms="11111">
    <groups>
      <group name="cucumber">
        <method signature="AbstractTestNGCucumberTests.feature(cucumber.api.testng.CucumberFeatureWrapper)[pri:0, instance:CucumberOptions.TestRunner@7c51f34b]" name="feature" class="cucumber.api.testng.AbstractTestNGCucumberTests"/>
      </group> <!-- cucumber -->
    </groups>
    <test started-at="2022-03-24T16:46:41Z" name="Default test" finished-at="2022-03-24T16:46:52Z" duration-ms="11111">
      <class name="CucumberOptions.TestRunner">
        <test-method is-config="true" signature="setUpClass()[pri:0, instance:CucumberOptions.TestRunner@7c51f34b]" started-at="2022-03-24T11:46:41Z" name="setUpClass" finished-at="2022-03-24T11:46:41Z" duration-ms="486" status="PASS">
          <reporter-output>
          </reporter-output>
        </test-method> <!-- setUpClass -->
        <test-method signature="feature(cucumber.api.testng.CucumberFeatureWrapper)[pri:0, instance:CucumberOptions.TestRunner@7c51f34b]" started-at="2022-03-24T11:46:42Z" name="feature" description="Runs Cucumber Feature" data-provider="features" finished-at="2022-03-24T11:46:52Z" duration-ms="10422" status="PASS">
          <params>
            <param index="0">
              <value>
                <![CDATA[API Automation]]>
              </value>
            </param>
          </params>
          <reporter-output>
          </reporter-output>
        </test-method> <!-- feature -->
        <test-method is-config="true" signature="tearDownClass()[pri:0, instance:CucumberOptions.TestRunner@7c51f34b]" started-at="2022-03-24T11:46:52Z" name="tearDownClass" finished-at="2022-03-24T11:46:52Z" duration-ms="33" status="PASS">
          <reporter-output>
          </reporter-output>
        </test-method> <!-- tearDownClass -->
      </class> <!-- CucumberOptions.TestRunner -->
    </test> <!-- Default test -->
  </suite> <!-- Default suite -->
</testng-results>
